#
# There is insufficient memory for the Java Runtime Environment to continue.
# Native memory allocation (mmap) failed to map 268435456 bytes for G1 virtual space
# Possible reasons:
#   The system is out of physical RAM or swap space
#   The process is running with CompressedOops enabled, and the Java Heap may be blocking the growth of the native heap
# Possible solutions:
#   Reduce memory load on the system
#   Increase physical memory or swap space
#   Check if swap backing store is full
#   Decrease Java heap size (-Xmx/-Xms)
#   Decrease number of Java threads
#   Decrease Java thread stack sizes (-Xss)
#   Set larger code cache with -XX:ReservedCodeCacheSize=
#   JVM is running with Zero Based Compressed Oops mode in which the Java heap is
#     placed in the first 32GB address space. The Java Heap base address is the
#     maximum limit for the native heap growth. Please use -XX:HeapBaseMinAddress
#     to set the Java Heap base and to place the Java Heap above 32GB virtual address.
# This output file may be truncated or incomplete.
#
#  Out of Memory Error (os_windows.cpp:3536), pid=7216, tid=5620
#
# JRE version:  (19.0.2+7) (build )
# Java VM: Java HotSpot(TM) 64-Bit Server VM (19.0.2+7-44, mixed mode, sharing, tiered, compressed oops, compressed class ptrs, g1 gc, windows-amd64)
# No core dump will be written. Minidumps are not enabled by default on client versions of Windows
#

---------------  S U M M A R Y ------------

Command Line: org.jetbrains.kotlin.cli.jvm.K2JVMCompiler @D:\ReactProjects\GitHub\ReactNavigation\node_modules\react-native-safe-area-context\android\build\20230206_8968045689985998108.compiler.options

Host: Intel(R) Xeon(R) CPU E5-1650 v3 @ 3.50GHz, 12 cores, 15G,  Windows 10 , 64 bit Build 19041 (10.0.19041.1889)
Time: Mon Feb  6 18:09:47 2023 W. Australia Standard Time elapsed time: 0.009849 seconds (0d 0h 0m 0s)

---------------  T H R E A D  ---------------

Current thread (0x000002d24650dce0):  JavaThread "Unknown thread" [_thread_in_vm, id=5620, stack(0x000000f883900000,0x000000f883a00000)]

Stack: [0x000000f883900000,0x000000f883a00000]
Native frames: (J=compiled Java code, j=interpreted, Vv=VM code, C=native code)
V  [jvm.dll+0x6ee21a]
V  [jvm.dll+0x85765e]
V  [jvm.dll+0x85904e]
V  [jvm.dll+0x859703]
V  [jvm.dll+0x28298f]
V  [jvm.dll+0x6eb009]
V  [jvm.dll+0x6dfbaa]
V  [jvm.dll+0x3573f6]
V  [jvm.dll+0x35ee56]
V  [jvm.dll+0x3b541e]
V  [jvm.dll+0x3b564f]
V  [jvm.dll+0x32c9ea]
V  [jvm.dll+0x32d89e]
V  [jvm.dll+0x821780]
V  [jvm.dll+0x3c2661]
V  [jvm.dll+0x801f51]
V  [jvm.dll+0x44ae8f]
V  [jvm.dll+0x44c811]
C  [jli.dll+0x5287]
C  [ucrtbase.dll+0x21bb2]
C  [KERNEL32.DLL+0x17034]
C  [ntdll.dll+0x52651]


---------------  P R O C E S S  ---------------

Threads class SMR info:
_java_thread_list=0x00007fff52fdd048, length=0, elements={
}

Java Threads: ( => current thread )

Other Threads:
  0x000002d246580300 WorkerThread "GC Thread#0" [stack: 0x000000f883a00000,0x000000f883b00000] [id=7560]
  0x000002d246592290 ConcurrentGCThread "G1 Main Marker" [stack: 0x000000f883b00000,0x000000f883c00000] [id=3152]
  0x000002d246592cc0 WorkerThread "G1 Conc#0" [stack: 0x000000f883c00000,0x000000f883d00000] [id=9708]

[error occurred during error reporting (printing all threads), id 0xc0000005, EXCEPTION_ACCESS_VIOLATION (0xc0000005) at pc=0x00007fff5279d427]

VM state: not at safepoint (not fully initialized)

VM Mutex/Monitor currently owned by a thread:  ([mutex/lock_event])
[0x000002d24650ba20] Heap_lock - owner thread: 0x000002d24650dce0

Heap address: 0x0000000701800000, size: 4072 MB, Compressed Oops mode: Zero based, Oop shift amount: 3

CDS archive(s) mapped at: [0x0000000000000000-0x0000000000000000-0x0000000000000000), size 0, SharedBaseAddress: 0x0000000800000000, ArchiveRelocationMode: 0.
Narrow klass base: 0x0000000000000000, Narrow klass shift: 0, Narrow klass range: 0x0

GC Precious Log:
 CardTable entry size: 512
 Card Set container configuration: InlinePtr #cards 4 size 8 Array Of Cards #cards 16 size 48 Howl #buckets 8 coarsen threshold 3686 Howl Bitmap #cards 512 size 80 coarsen threshold 460 Card regions per heap region 1 cards per card region 4096

Heap:
 garbage-first heap   total 0K, used 0K [0x0000000701800000, 0x0000000800000000)
  region size 2048K, 0 young (0K), 0 survivors (0K)

[error occurred during error reporting (printing heap information), id 0xc0000005, EXCEPTION_ACCESS_VIOLATION (0xc0000005) at pc=0x00007fff52ba6649]

GC Heap History (0 events):
No events

Dll operation events (1 events):
Event: 0.006 Loaded shared library C:\Program Files\Java\jdk-19\bin\java.dll

Deoptimization events (0 events):
No events

Classes loaded (0 events):
No events

Classes unloaded (0 events):
No events

Classes redefined (0 events):
No events

Internal exceptions (0 events):
No events

VM Operations (0 events):
No events

Events (0 events):
No events


Dynamic libraries:
0x00007ff790f50000 - 0x00007ff790f60000 	C:\Program Files\Java\jdk-19\bin\java.exe
0x00007fff8e170000 - 0x00007fff8e368000 	C:\Windows\SYSTEM32\ntdll.dll
0x00007fff8dd20000 - 0x00007fff8dddd000 	C:\Windows\System32\KERNEL32.DLL
0x00007fff8bc40000 - 0x00007fff8bf0e000 	C:\Windows\System32\KERNELBASE.dll
0x00007fff8bb40000 - 0x00007fff8bc40000 	C:\Windows\System32\ucrtbase.dll
0x00007fff77410000 - 0x00007fff7742b000 	C:\Program Files\Java\jdk-19\bin\VCRUNTIME140.dll
0x00007fff77430000 - 0x00007fff77448000 	C:\Program Files\Java\jdk-19\bin\jli.dll
0x00007fff8de60000 - 0x00007fff8df0e000 	C:\Windows\System32\ADVAPI32.dll
0x00007fff8dc70000 - 0x00007fff8dd0e000 	C:\Windows\System32\msvcrt.dll
0x00007fff8c680000 - 0x00007fff8c71c000 	C:\Windows\System32\sechost.dll
0x00007fff8d5b0000 - 0x00007fff8d6d5000 	C:\Windows\System32\RPCRT4.dll
0x00007fff8ce70000 - 0x00007fff8d010000 	C:\Windows\System32\USER32.dll
0x00007fff8b920000 - 0x00007fff8b942000 	C:\Windows\System32\win32u.dll
0x00007fff8c210000 - 0x00007fff8c23a000 	C:\Windows\System32\GDI32.dll
0x00007fff8b980000 - 0x00007fff8ba8b000 	C:\Windows\System32\gdi32full.dll
0x00007fff78910000 - 0x00007fff78baa000 	C:\Windows\WinSxS\amd64_microsoft.windows.common-controls_6595b64144ccf1df_6.0.19041.1110_none_60b5254171f9507e\COMCTL32.dll
0x00007fff8c100000 - 0x00007fff8c19d000 	C:\Windows\System32\msvcp_win.dll
0x00007fff86730000 - 0x00007fff8673a000 	C:\Windows\SYSTEM32\VERSION.dll
0x00007fff8d6e0000 - 0x00007fff8d710000 	C:\Windows\System32\IMM32.DLL
0x00007fff76df0000 - 0x00007fff76dfc000 	C:\Program Files\Java\jdk-19\bin\vcruntime140_1.dll
0x00007fff67f10000 - 0x00007fff67f9e000 	C:\Program Files\Java\jdk-19\bin\msvcp140.dll
0x00007fff52460000 - 0x00007fff53120000 	C:\Program Files\Java\jdk-19\bin\server\jvm.dll
0x00007fff835e0000 - 0x00007fff83607000 	C:\Windows\SYSTEM32\WINMM.dll
0x00007fff86fa0000 - 0x00007fff86fa9000 	C:\Windows\SYSTEM32\WSOCK32.dll
0x00007fff8ddf0000 - 0x00007fff8de5b000 	C:\Windows\System32\WS2_32.dll
0x00007fff89760000 - 0x00007fff89772000 	C:\Windows\SYSTEM32\kernel.appcore.dll
0x00007fff76de0000 - 0x00007fff76dea000 	C:\Program Files\Java\jdk-19\bin\jimage.dll
0x00007fff7a0e0000 - 0x00007fff7a2c4000 	C:\Windows\SYSTEM32\DBGHELP.DLL
0x00007fff76520000 - 0x00007fff7654c000 	C:\Windows\SYSTEM32\dbgcore.DLL
0x00007fff8c070000 - 0x00007fff8c0f2000 	C:\Windows\System32\bcryptPrimitives.dll
0x00007fff70980000 - 0x00007fff709a6000 	C:\Program Files\Java\jdk-19\bin\java.dll

dbghelp: loaded successfully - version: 4.0.5 - missing functions: none
symbol engine: initialized successfully - sym options: 0x614 - pdb path: .;C:\Program Files\Java\jdk-19\bin;C:\Windows\SYSTEM32;C:\Windows\WinSxS\amd64_microsoft.windows.common-controls_6595b64144ccf1df_6.0.19041.1110_none_60b5254171f9507e;C:\Program Files\Java\jdk-19\bin\server

VM Arguments:
java_command: org.jetbrains.kotlin.cli.jvm.K2JVMCompiler @D:\ReactProjects\GitHub\ReactNavigation\node_modules\react-native-safe-area-context\android\build\20230206_8968045689985998108.compiler.options
java_class_path (initial): C:\Users\Admin\.gradle\caches\modules-2\files-2.1\org.jetbrains.kotlin\kotlin-compiler-embeddable\1.6.20\18f66cca4301c12893ebe4ef47d65c3d9d2bff9b\kotlin-compiler-embeddable-1.6.20.jar;C:\Users\Admin\.gradle\caches\modules-2\files-2.1\org.jetbrains.kotlin\kotlin-reflect\1.6.20\669965154723f1a712e8677af0cc5470dfdab81c\kotlin-reflect-1.6.20.jar;C:\Users\Admin\.gradle\caches\modules-2\files-2.1\org.jetbrains.kotlin\kotlin-stdlib\1.6.20\6cedc143badbb4f1c6b7f5a340b04edff1743208\kotlin-stdlib-1.6.20.jar;C:\Users\Admin\.gradle\caches\modules-2\files-2.1\org.jetbrains.kotlin\kotlin-script-runtime\1.6.20\a115c367e0fd9c8909293b208689afca0c88a6f1\kotlin-script-runtime-1.6.20.jar;C:\Users\Admin\.gradle\caches\modules-2\files-2.1\org.jetbrains.kotlin\kotlin-daemon-embeddable\1.6.20\d4cac343029f48f106c57f457384771165d7deb5\kotlin-daemon-embeddable-1.6.20.jar;C:\Users\Admin\.gradle\caches\modules-2\files-2.1\org.jetbrains.intellij.deps\trove4j\1.0.20200330\3afb14d5f9ceb459d724e907a21145e8ff394f02\trove4j-1.0.20200330.jar;C:\Users\Admin\.gradle\caches\modules-2\files-2.1\net.java.dev.jna\jna\5.6.0\330f2244e9030119ab3030fc3fededc86713d9cc\jna-5.6.0.jar;C:\Users\Admin\.gradle\caches\modules-2\files-2.1\org.jetbrains.kotlin\kotlin-stdlib-common\1.6.20\27b4562b6713d70f458c6d7ea39aadacb8e6a92b\kotlin-stdlib-common-1.6.20.jar;C:\Users\Admin\.gradle\caches\modules-2\files-2.1\org.jetbrains\annotations\13.0\919f0dfe192fb4e063e7dacadee7f8bb9a2672a9\annotations-13.0.jar
Launcher Type: SUN_STANDARD

[Global flags]
     intx CICompilerCount                          = 4                                         {product} {ergonomic}
     uint ConcGCThreads                            = 3                                         {product} {ergonomic}
     uint G1ConcRefinementThreads                  = 10                                        {product} {ergonomic}
   size_t G1HeapRegionSize                         = 2097152                                   {product} {ergonomic}
    uintx GCDrainStackTargetSize                   = 64                                        {product} {ergonomic}
   size_t InitialHeapSize                          = 268435456                                 {product} {ergonomic}
   size_t MarkStackSize                            = 4194304                                   {product} {ergonomic}
   size_t MaxHeapSize                              = 4269801472                                {product} {ergonomic}
   size_t MinHeapDeltaBytes                        = 2097152                                   {product} {ergonomic}
   size_t MinHeapSize                              = 8388608                                   {product} {ergonomic}
    uintx NonNMethodCodeHeapSize                   = 5839372                                {pd product} {ergonomic}
    uintx NonProfiledCodeHeapSize                  = 122909434                              {pd product} {ergonomic}
    uintx ProfiledCodeHeapSize                     = 122909434                              {pd product} {ergonomic}
    uintx ReservedCodeCacheSize                    = 251658240                              {pd product} {ergonomic}
     bool SegmentedCodeCache                       = true                                      {product} {ergonomic}
   size_t SoftMaxHeapSize                          = 4269801472                             {manageable} {ergonomic}
     bool UseCompressedClassPointers               = true                           {product lp64_product} {ergonomic}
     bool UseCompressedOops                        = true                           {product lp64_product} {ergonomic}
     bool UseG1GC                                  = true                                      {product} {ergonomic}
     bool UseLargePagesIndividualAllocation        = false                                  {pd product} {ergonomic}

Logging:
Log output configuration:
 #0: stdout all=warning uptime,level,tags foldmultilines=false
 #1: stderr all=off uptime,level,tags foldmultilines=false

Environment Variables:
CLASSPATH=D:\ReactProjects\GitHub\ReactNavigation\android\\gradle\wrapper\gradle-wrapper.jar
PATH=D:\ReactProjects\GitHub\ReactNavigation\android\node_modules\.bin;D:\ReactProjects\GitHub\ReactNavigation\node_modules\.bin;D:\ReactProjects\GitHub\node_modules\.bin;D:\ReactProjects\node_modules\.bin;D:\node_modules\.bin;C:\Program Files\nodejs;D:\ReactProjects\GitHub\ReactNavigation\node_modules\.bin;D:\ReactProjects\GitHub\ReactNavigation\node_modules\.bin;D:\ReactProjects\GitHub\node_modules\.bin;D:\ReactProjects\node_modules\.bin;D:\node_modules\.bin;C:\Program Files\nodejs\node_modules\npm\node_modules\@npmcli\run-script\lib\node-gyp-bin;C:\Program Files\Common Files\Oracle\Java\javapath;C:\Program Files (x86)\Common Files\Oracle\Java\javapath;C:\Windows\system32;C:\Windows;C:\Windows\System32\Wbem;C:\Windows\System32\WindowsPowerShell\v1.0\;C:\Users\Admin\AppData\Local\Microsoft\WindowsApps;C:\Windows\system32\config\systemprofile\AppData\Local\Microsoft\WindowsApps;C:\Windows\AtlasModules;C:\Program Files (x86)\NVIDIA Corporation\PhysX\Common;C:\Program Files\dotnet\;C:\Program Files (x86)\ZeroTier\One\;C:\Program Files\nodejs\;C:\Program Files\Git\cmd;C:\Users\Admin\AppData\Local\Microsoft\WindowsApps;C:\Users\Admin\AppData\Local\Programs\Microsoft VS Code\bin;C:\Users\Admin\AppData\Roaming\npm;C:\Users\Admin\AppData\Local\Android\Sdk\platform-tools;C:\Users\Admin\AppData\Local\GitHubDesktop\bin
USERNAME=Admin
LANG=en_US.UTF-8
OS=Windows_NT
PROCESSOR_IDENTIFIER=Intel64 Family 6 Model 63 Stepping 2, GenuineIntel
TMP=C:\Users\Admin\AppData\Local\Temp
TEMP=C:\Users\Admin\AppData\Local\Temp



---------------  S Y S T E M  ---------------

OS:
 Windows 10 , 64 bit Build 19041 (10.0.19041.1889)
OS uptime: 0 days 2:15 hours

CPU: total 12 (initial active 12) (6 cores per cpu, 2 threads per core) family 6 model 63 stepping 2 microcode 0x3d, cx8, cmov, fxsr, ht, mmx, sse, sse2, sse3, ssse3, sse4.1, sse4.2, popcnt, lzcnt, tsc, tscinvbit, avx, avx2, aes, erms, clmul, bmi1, bmi2, fma, vzeroupper, clflush, rdtscp

Memory: 4k page, system-wide physical 16286M (1844M free)
TotalPageFile size 18269M (AvailPageFile size 244M)
current process WorkingSet (physical memory assigned to process): 10M, peak: 10M
current process commit charge ("private bytes"): 64M, peak: 320M

vm_info: Java HotSpot(TM) 64-Bit Server VM (19.0.2+7-44) for windows-amd64 JRE (19.0.2+7-44), built on 2022-11-30T18:02:09Z by "mach5one" with MS VC++ 17.1 (VS2022)

END.
